This is LuaTeX, Version 1.10.0 (TeX Live 2019/Arch Linux)  (format=lualatex 2019.9.8)  30 SEP 2019 13:07
 restricted system commands enabled.
**license.tex
(./license.tex
LaTeX2e <2018-12-01>
Lua module: luaotfload-main 2019-02-14 2.96 luaotfload entry point
Lua module: luaotfload-init 2019-02-14 2.96 luaotfload submodule / initializatio
n
Lua module: lualibs 2019-02-14 2.64 ConTeXt Lua standard libraries.
Lua module: lualibs-extended 2019-02-14 2.64 ConTeXt Lua libraries -- extended c
ollection.
Lua module: luaotfload-log 2019-02-14 2.96 luaotfload submodule / logging
Lua module: luaotfload-parsers 2019-02-14 2.96 luaotfload submodule / filelist
Lua module: luaotfload-configuration 2019-02-14 2.96 luaotfload submodule / conf
ig file reader
luaotfload | conf : Root cache directory is /home/b1/.texlive/texmf-var/luatex-c
ache/generic/names.
luaotfload | init : Loading fontloader “fontloader-2019-02-14.lua” from kpse
-resolved path “/usr/share/texmf-dist/tex/luatex/luaotfload/fontloader-2019-02
-14.lua”.
Lua-only attribute luaotfload@state = 1
Lua-only attribute luaotfload@noligature = 2
Lua-only attribute luaotfload@syllabe = 3
luaotfload | init : Context OpenType loader version “3.107”
Inserting `luaotfload.node_processor' at position 1 in `pre_linebreak_filter'.
Inserting `luaotfload.node_processor' at position 1 in `hpack_filter'.
Lua module: luaotfload-loaders 2019-02-14 2.96 luaotfload submodule / callback h
andling
Inserting `luaotfload.define_font' at position 1 in `define_font'.
Lua module: luaotfload-database 2019-02-14 2.96 luaotfload submodule / database
Lua module: luaotfload-colors 2019-02-14 2.96 luaotfload submodule / color
Lua-only attribute luaotfload_color_attribute = 4
Lua module: luaotfload-resolvers 2019-02-14 2.96 luaotfload submodule / resolver
s
luaotfload | conf : Root cache directory is /home/b1/.texlive/texmf-var/luatex-c
ache/generic/names.
Lua module: luaotfload-features 2019-02-14 2.96 luaotfload submodule / features
Lua module: luaotfload-letterspace 2019-02-14 2.96 luaotfload submodule / color
Lua module: luaotfload-auxiliary 2019-02-14 2.96 luaotfload submodule / auxiliar
y functions
Inserting `luaotfload.aux.set_sscale_dimens' at position 1 in `luaotfload.patch_
font'.
Inserting `luaotfload.aux.patch_cambria_domh' at position 2 in `luaotfload.patch
_font'.
Inserting `luaotfload.aux.fixup_fontdata' at position 1 in `luaotfload.patch_fon
t_unsafe'.
Inserting `luaotfload.aux.set_capheight' at position 3 in `luaotfload.patch_font
'.
Inserting `luaotfload.rewrite_fontname' at position 4 in `luaotfload.patch_font'
.
luaotfload | main : initialization completed in 0.054 seconds
! Undefined control sequence.
l.1 \section
          *{License}
The control sequence at the end of the top line
of your error message was never \def'ed. If you have
misspelled it (e.g., `\hobx'), type `I' and the correct
spelling (e.g., `I\hbox'). Otherwise just continue,
and I'll forget about whatever was undefined.


! LaTeX Error: Missing \begin{document}.

See the LaTeX manual or LaTeX Companion for explanation.
Type  H <return>  for immediate help.
 ...                                              
                                                  
l.1 \section*
           {License}
You're in trouble here.  Try typing  <return>  to proceed.
If that doesn't work, type  X <return>  to quit.


Overfull \hbox (20.0pt too wide) in paragraph at lines 1--2
[]*License 
 []

! Undefined control sequence.
l.3 {\footnotesize
                
The control sequence at the end of the top line
of your error message was never \def'ed. If you have
misspelled it (e.g., `\hobx'), type `I' and the correct
spelling (e.g., `I\hbox'). Otherwise just continue,
and I'll forget about whatever was undefined.


! LaTeX Error: Missing \begin{document}.

See the LaTeX manual or LaTeX Companion for explanation.
Type  H <return>  for immediate help.
 ...                                              
                                                  
l.4 \begin{verbatim}
                  
You're in trouble here.  Try typing  <return>  to proceed.
If that doesn't work, type  X <return>  to quit.


Overfull \hbox (20.0pt too wide) in paragraph at lines 4--4
[] 
 []

luaotfload | db : Font names database loaded from /home/b1/.texlive/texmf-var/lu
atex-cache/generic/names/luaotfload-names.luc
Overfull \hbox (183.75pt too wide) in paragraph at lines 20--20
[]\TU/lmtt/m/n/10 % Copyright (C) 2019 Norbert Bátfai[] 
 []


Overfull \hbox (252.0pt too wide) in paragraph at lines 20--20
[]\TU/lmtt/m/n/10 % nbatfa@gmail.com, batfai.norbert@inf.unideb.hu[] 
 []


Overfull \hbox (5.25pt too wide) in paragraph at lines 20--20
[]\TU/lmtt/m/n/10 %[] 
 []


Overfull \hbox (372.75pt too wide) in paragraph at lines 20--20
[]\TU/lmtt/m/n/10 %  This program is free software: you can redistribute it and
/or modify[] 
 []


Overfull \hbox (372.75pt too wide) in paragraph at lines 20--20
[]\TU/lmtt/m/n/10 %  it under the terms of the GNU General Public License as pu
blished by[] 
 []


Overfull \hbox (357.0pt too wide) in paragraph at lines 20--20
[]\TU/lmtt/m/n/10 %  the Free Software Foundation, either version 3 of the Lice
nse, or[] 
 []


Overfull \hbox (199.5pt too wide) in paragraph at lines 20--20
[]\TU/lmtt/m/n/10 %  (at your option) any later version.[] 
 []


Overfull \hbox (5.25pt too wide) in paragraph at lines 20--20
[]\TU/lmtt/m/n/10 %[] 
 []


Overfull \hbox (346.5pt too wide) in paragraph at lines 20--20
[]\TU/lmtt/m/n/10 %  This program is distributed in the hope that it will be us
eful,[] 
 []


Overfull \hbox (341.25pt too wide) in paragraph at lines 20--20
[]\TU/lmtt/m/n/10 %  but WITHOUT ANY WARRANTY; without even the implied warrant
y of[] 
 []


Overfull \hbox (336.0pt too wide) in paragraph at lines 20--20
[]\TU/lmtt/m/n/10 %  MERCHANTABILITY or FITNESS FOR A PARTICULAR PURPOSE.  See 
the[] 
 []


Overfull \hbox (246.75pt too wide) in paragraph at lines 20--20
[]\TU/lmtt/m/n/10 %  GNU General Public License for more details.[] 
 []


Overfull \hbox (5.25pt too wide) in paragraph at lines 20--20
[]\TU/lmtt/m/n/10 %[] 
 []


Overfull \hbox (357.0pt too wide) in paragraph at lines 20--20
[]\TU/lmtt/m/n/10 %  You should have received a copy of the GNU General Public 
License[] 
 []


Overfull \hbox (383.25pt too wide) in paragraph at lines 20--20
[]\TU/lmtt/m/n/10 %  along with this program.  If not, see <https://www.gnu.org
/licenses/>.[] 
 []

)
! Emergency stop.
<*> license.tex
            
*** (job aborted, no legal \end found)



Here is how much of LuaTeX's memory you used:
 18 strings out of 494300
 100000,89155 words of node,token memory allocated 7002 words of node memory still in use:
   50 hlist, 17 local_par, 1 dir, 193 glue, 10 kern, 152 penalty, 608 glyph, 24 
attribute, 34 glue_spec, 24 attribute_list nodes
   avail lists: 2:7,4:1,5:13,7:1,9:2
 4366 multiletter control sequences out of 65536+600000
 16 fonts using 849655 bytes
 17i,1n,11p,86b,145s stack positions out of 5000i,500n,10000p,200000b,100000s
!  ==> Fatal error occurred, no output PDF file produced!
